<?xml version="1.0" encoding="UTF-8"?>
<testsuite name="calculator.StringCalculatorTest" tests="19" skipped="0" failures="0" errors="0" timestamp="2026-03-17T14:13:12" hostname="MacBook-Pro.local" time="0.053">
  <properties/>
  <testcase name="연산_이력이_최근순으로_저장된다()" classname="calculator.StringCalculatorTest" time="0.026"/>
  <testcase name="콜론_구분자로_덧셈한다()" classname="calculator.StringCalculatorTest" time="0.002"/>
  <testcase name="영으로_나누면_예외가_발생한다()" classname="calculator.StringCalculatorTest" time="0.002"/>
  <testcase name="null이면_0을_반환한다()" classname="calculator.StringCalculatorTest" time="0.001"/>
  <testcase name="빈_문자열이면_0을_반환한다()" classname="calculator.StringCalculatorTest" time="0.0"/>
  <testcase name="뺄셈_연산을_수행한다()" classname="calculator.StringCalculatorTest" time="0.001"/>
  <testcase name="음수_입력시_예외가_발생한다()" classname="calculator.StringCalculatorTest" time="0.001"/>
  <testcase name="쉼표와_콜론_혼합으로_덧셈한다()" classname="calculator.StringCalculatorTest" time="0.001"/>
  <testcase name="덧셈_연산자를_명시적으로_지정한다()" classname="calculator.StringCalculatorTest" time="0.001"/>
  <testcase name="연산_이력은_최대_10개까지_저장된다()" classname="calculator.StringCalculatorTest" time="0.005"/>
  <testcase name="나눗셈_결과가_소수이면_첫째자리까지_반환한다()" classname="calculator.StringCalculatorTest" time="0.001"/>
  <testcase name="곱셈_연산을_수행한다()" classname="calculator.StringCalculatorTest" time="0.001"/>
  <testcase name="쉼표_구분자로_덧셈한다()" classname="calculator.StringCalculatorTest" time="0.001"/>
  <testcase name="커스텀_구분자_파이프를_사용한다()" classname="calculator.StringCalculatorTest" time="0.001"/>
  <testcase name="지원하지_않는_연산자_입력시_예외가_발생한다()" classname="calculator.StringCalculatorTest" time="0.001"/>
  <testcase name="숫자_하나면_그대로_반환한다()" classname="calculator.StringCalculatorTest" time="0.0"/>
  <testcase name="커스텀_구분자로_덧셈한다()" classname="calculator.StringCalculatorTest" time="0.001"/>
  <testcase name="나눗셈_연산을_수행한다()" classname="calculator.StringCalculatorTest" time="0.0"/>
  <testcase name="숫자가_아닌_값_입력시_예외가_발생한다()" classname="calculator.StringCalculatorTest" time="0.0"/>
  <system-out><![CDATA[
인풋:1,2
커스텀 아무 것도 안 받음
인풋 토큰:
인풋을 둘로 나눔:[, 1,2]
디리미터파트:
디리미터:,
숫자 분리:[1, 2]

인풋:op=*|2,3
커스텀 연산자 받음
인풋 토큰:\|
인풋을 둘로 나눔:[op=*, 2,3]
디리미터파트:op=*
디리미터:,
숫자 분리:[2, 3]

인풋:1:2:3
커스텀 아무 것도 안 받음
인풋 토큰:
인풋을 둘로 나눔:[, 1:2:3]
디리미터파트:
디리미터:,
숫자 분리:[1, 2, 3]

인풋:op=/|10,0
커스텀 연산자 받음
인풋 토큰:\|
인풋을 둘로 나눔:[op=/, 10,0]
디리미터파트:op=/
디리미터:,
숫자 분리:[10, 0]

인풋:null

인풋:

인풋:op=-|10,3,2
커스텀 연산자 받음
인풋 토큰:\|
인풋을 둘로 나눔:[op=-, 10,3,2]
디리미터파트:op=-
디리미터:,
숫자 분리:[10, 3, 2]

인풋:-1,2,3
커스텀 아무 것도 안 받음
인풋 토큰:
인풋을 둘로 나눔:[, -1,2,3]
디리미터파트:
디리미터:,
숫자 분리:[-1, 2, 3]

인풋:1,2:3
커스텀 아무 것도 안 받음
인풋 토큰:
인풋을 둘로 나눔:[, 1,2:3]
디리미터파트:
디리미터:,
숫자 분리:[1, 2, 3]

인풋:op=+|1,2,3
커스텀 연산자 받음
인풋 토큰:\|
인풋을 둘로 나눔:[op=+, 1,2,3]
디리미터파트:op=+
디리미터:,
숫자 분리:[1, 2, 3]

인풋:0,1
커스텀 아무 것도 안 받음
인풋 토큰:
인풋을 둘로 나눔:[, 0,1]
디리미터파트:
디리미터:,
숫자 분리:[0, 1]

인풋:1,1
커스텀 아무 것도 안 받음
인풋 토큰:
인풋을 둘로 나눔:[, 1,1]
디리미터파트:
디리미터:,
숫자 분리:[1, 1]

인풋:2,1
커스텀 아무 것도 안 받음
인풋 토큰:
인풋을 둘로 나눔:[, 2,1]
디리미터파트:
디리미터:,
숫자 분리:[2, 1]

인풋:3,1
커스텀 아무 것도 안 받음
인풋 토큰:
인풋을 둘로 나눔:[, 3,1]
디리미터파트:
디리미터:,
숫자 분리:[3, 1]

인풋:4,1
커스텀 아무 것도 안 받음
인풋 토큰:
인풋을 둘로 나눔:[, 4,1]
디리미터파트:
디리미터:,
숫자 분리:[4, 1]

인풋:5,1
커스텀 아무 것도 안 받음
인풋 토큰:
인풋을 둘로 나눔:[, 5,1]
디리미터파트:
디리미터:,
숫자 분리:[5, 1]

인풋:6,1
커스텀 아무 것도 안 받음
인풋 토큰:
인풋을 둘로 나눔:[, 6,1]
디리미터파트:
디리미터:,
숫자 분리:[6, 1]

인풋:7,1
커스텀 아무 것도 안 받음
인풋 토큰:
인풋을 둘로 나눔:[, 7,1]
디리미터파트:
디리미터:,
숫자 분리:[7, 1]

인풋:8,1
커스텀 아무 것도 안 받음
인풋 토큰:
인풋을 둘로 나눔:[, 8,1]
디리미터파트:
디리미터:,
숫자 분리:[8, 1]

인풋:9,1
커스텀 아무 것도 안 받음
인풋 토큰:
인풋을 둘로 나눔:[, 9,1]
디리미터파트:
디리미터:,
숫자 분리:[9, 1]

인풋:10,1
커스텀 아무 것도 안 받음
인풋 토큰:
인풋을 둘로 나눔:[, 10,1]
디리미터파트:
디리미터:,
숫자 분리:[10, 1]

인풋:op=/|10,3
커스텀 연산자 받음
인풋 토큰:\|
인풋을 둘로 나눔:[op=/, 10,3]
디리미터파트:op=/
디리미터:,
숫자 분리:[10, 3]

인풋:op=*|1,2,3
커스텀 연산자 받음
인풋 토큰:\|
인풋을 둘로 나눔:[op=*, 1,2,3]
디리미터파트:op=*
디리미터:,
숫자 분리:[1, 2, 3]

인풋:1,2
커스텀 아무 것도 안 받음
인풋 토큰:
인풋을 둘로 나눔:[, 1,2]
디리미터파트:
디리미터:,
숫자 분리:[1, 2]

인풋:1,2,3
커스텀 아무 것도 안 받음
인풋 토큰:
인풋을 둘로 나눔:[, 1,2,3]
디리미터파트:
디리미터:,
숫자 분리:[1, 2, 3]

인풋://|
1|2|3
커스텀 구분자 받음
인풋 토큰:

인풋을 둘로 나눔:[//|, 1|2|3]
디리미터파트://|
디리미터:|
숫자 분리:[1, 2, 3]

인풋:op=%|1,2,3
커스텀 연산자 받음
인풋 토큰:\|
인풋을 둘로 나눔:[op=%, 1,2,3]
디리미터파트:op=%
디리미터:,
숫자 분리:[1, 2, 3]

인풋:5
커스텀 아무 것도 안 받음
인풋 토큰:
인풋을 둘로 나눔:[, 5]
디리미터파트:
디리미터:,
숫자 분리:[5]

인풋://;
1;2;3
커스텀 구분자 받음
인풋 토큰:

인풋을 둘로 나눔:[//;, 1;2;3]
디리미터파트://;
디리미터:;
숫자 분리:[1, 2, 3]

인풋:op=/|12,3,2
커스텀 연산자 받음
인풋 토큰:\|
인풋을 둘로 나눔:[op=/, 12,3,2]
디리미터파트:op=/
디리미터:,
숫자 분리:[12, 3, 2]

인풋:1,a,3
커스텀 아무 것도 안 받음
인풋 토큰:
인풋을 둘로 나눔:[, 1,a,3]
디리미터파트:
디리미터:,
숫자 분리:[1, a, 3]
]]></system-out>
  <system-err><![CDATA[]]></system-err>
</testsuite>
